<?xml version="1.0" encoding="UTF-8"?>
<!-- Generated by org.testng.reporters.JUnitXMLReporter -->
<testsuite ignored="2" hostname="vaibhav" failures="0" tests="1" name="POMMeetupAppTest3" time="3.671" errors="0" timestamp="2025-11-11T14:01:05 IST">
  <testcase classname="RegistrationPageTest" name="Test2" time="0.493"/>
  <testcase classname="RegistrationPageTest" name="Test3" time="0.0">
    <ignored/>
  </testcase> <!-- Test3 -->
  <testcase classname="RegistrationPageTest" name="Test1" time="0.0">
    <ignored/>
  </testcase> <!-- Test1 -->
</testsuite> <!-- POMMeetupAppTest3 -->
