<?xml version="1.0" encoding="UTF-8"?>
<!-- Generated by org.testng.reporters.JUnitXMLReporter -->
<testsuite ignored="0" hostname="vaibhav" failures="0" tests="9" name="LoginAndHomePageTest" time="23.602" errors="0" timestamp="2025-12-03T09:37:44 IST">
  <testcase classname="WelcomePageTest" name="Test1" time="0.217"/>
  <testcase classname="RegistrationPageTest" name="Test1" time="0.473"/>
  <testcase classname="WelcomePageTest" name="Test2" time="0.245"/>
  <testcase classname="RegistrationPageTest" name="Test2" time="0.422"/>
  <testcase classname="RegistrationPageTest" name="Test3" time="1.001"/>
  <testcase classname="RegistrationPageTest" name="Test3" time="1.447"/>
  <testcase classname="RegistrationPageTest" name="Test3" time="1.046"/>
  <testcase classname="RegistrationPageTest" name="Test3" time="0.911"/>
  <testcase classname="RegistrationPageTest" name="Test3" time="0.992"/>
</testsuite> <!-- LoginAndHomePageTest -->
