<?xml version="1.0" encoding="UTF-8"?>
<!-- Generated by org.testng.reporters.JUnitReportReporter -->
<testsuite hostname="vaibhav" failures="0" tests="7" name="RegistrationPageTest" time="23.505" errors="0" timestamp="2025-12-03T09:37:44 IST" skipped="0">
  <testcase classname="RegistrationPageTest" name="Test2" time="2.877"/>
  <testcase classname="RegistrationPageTest" name="Test3" time="3.117"/>
  <testcase classname="RegistrationPageTest" name="Test3" time="3.035"/>
  <testcase classname="RegistrationPageTest" name="Test1" time="3.155"/>
  <testcase classname="RegistrationPageTest" name="Test3" time="2.830"/>
  <testcase classname="RegistrationPageTest" name="Test3" time="4.885"/>
  <testcase classname="RegistrationPageTest" name="Test3" time="3.606"/>
</testsuite> <!-- RegistrationPageTest -->
